build/app/intermediates/manifest_merge_blame_file/profile/manifest-merger-blame-profile-report.txt
1<?xml version="1.0" encoding="utf-8"?>
2<manifest xmlns:android="http://schemas.android.com/apk/res/android"
3    package="com.example.dev1"
4    android:versionCode="1"
5    android:versionName="1.0.0" >
6
7    <uses-sdk
8        android:minSdkVersion="21"
9        android:targetSdkVersion="34" />
10    <!--
11         The INTERNET permission is required for development. Specifically,
12         the Flutter tool needs it to communicate with the running application
13         to allow setting breakpoints, to provide hot reload, etc.
14    -->
15    <uses-permission android:name="android.permission.INTERNET" />
15-->src/profile/AndroidManifest.xml:6:5-66
15-->src/profile/AndroidManifest.xml:6:22-64
16    <!--
17     Required to query activities that can process text, see:
18         https://developer.android.com/training/package-visibility and
19         https://developer.android.com/reference/android/content/Intent#ACTION_PROCESS_TEXT.
20
21         In particular, this is used by the Flutter engine in io.flutter.plugin.text.ProcessTextPlugin.
22    -->
23    <queries>
23-->src/main/AndroidManifest.xml:39:5-44:15
24        <intent>
24-->src/main/AndroidManifest.xml:40:9-43:18
25            <action android:name="android.intent.action.PROCESS_TEXT" />
25-->src/main/AndroidManifest.xml:41:13-72
25-->src/main/AndroidManifest.xml:41:21-70
26
27            <data android:mimeType="text/plain" />
27-->src/main/AndroidManifest.xml:42:13-50
27-->src/main/AndroidManifest.xml:42:19-48
28        </intent>
29    </queries>
30
31    <uses-feature android:name="android.hardware.camera.any" />
31-->[:camera_android_camerax] AndroidManifest.xml:7:5-64
31-->[:camera_android_camerax] AndroidManifest.xml:7:19-61
32
33    <uses-permission android:name="android.permission.CAMERA" />
33-->[:camera_android_camerax] AndroidManifest.xml:9:5-65
33-->[:camera_android_camerax] AndroidManifest.xml:9:22-62
34    <uses-permission android:name="android.permission.RECORD_AUDIO" />
34-->[:camera_android_camerax] AndroidManifest.xml:10:5-71
34-->[:camera_android_camerax] AndroidManifest.xml:10:22-68
35    <uses-permission
35-->[:camera_android_camerax] AndroidManifest.xml:11:5-13:38
36        android:name="android.permission.WRITE_EXTERNAL_STORAGE"
36-->[:camera_android_camerax] AndroidManifest.xml:12:9-65
37        android:maxSdkVersion="28" />
37-->[:camera_android_camerax] AndroidManifest.xml:13:9-35
38    <uses-permission android:name="android.permission.READ_EXTERNAL_STORAGE" />
39
40    <permission
40-->[androidx.core:core:1.13.1] AndroidManifest.xml:22:5-24:47
41        android:name="com.example.dev1.DYNAMIC_RECEIVER_NOT_EXPORTED_PERMISSION"
41-->[androidx.core:core:1.13.1] AndroidManifest.xml:23:9-81
42        android:protectionLevel="signature" />
42-->[androidx.core:core:1.13.1] AndroidManifest.xml:24:9-44
43
44    <uses-permission android:name="com.example.dev1.DYNAMIC_RECEIVER_NOT_EXPORTED_PERMISSION" /> <!-- Although the *SdkVersion is captured in gradle build files, this is required for non gradle builds -->
44-->[androidx.core:core:1.13.1] AndroidManifest.xml:26:5-97
44-->[androidx.core:core:1.13.1] AndroidManifest.xml:26:22-94
45    <!-- <uses-sdk android:minSdkVersion="14"/> -->
46    <uses-permission android:name="android.permission.ACCESS_NETWORK_STATE" />
46-->[com.google.android.datatransport:transport-backend-cct:2.3.3] AndroidManifest.xml:25:5-79
46-->[com.google.android.datatransport:transport-backend-cct:2.3.3] AndroidManifest.xml:25:22-76
47
48    <application
49        android:name="android.app.Application"
50        android:appComponentFactory="androidx.core.app.CoreComponentFactory"
50-->[androidx.core:core:1.13.1] AndroidManifest.xml:28:18-86
51        android:debuggable="true"
52        android:extractNativeLibs="true"
53        android:icon="@mipmap/ic_launcher"
54        android:label="dev1" >
55        <activity
56            android:name="com.example.dev1.MainActivity"
57            android:configChanges="orientation|keyboardHidden|keyboard|screenSize|smallestScreenSize|locale|layoutDirection|fontScale|screenLayout|density|uiMode"
58            android:exported="true"
59            android:hardwareAccelerated="true"
60            android:launchMode="singleTop"
61            android:taskAffinity=""
62            android:theme="@style/LaunchTheme"
63            android:windowSoftInputMode="adjustResize" >
64
65            <!--
66                 Specifies an Android theme to apply to this Activity as soon as
67                 the Android process has started. This theme is visible to the user
68                 while the Flutter UI initializes. After that, this theme continues
69                 to determine the Window background behind the Flutter UI.
70            -->
71            <meta-data
72                android:name="io.flutter.embedding.android.NormalTheme"
73                android:resource="@style/NormalTheme" />
74
75            <intent-filter>
76                <action android:name="android.intent.action.MAIN" />
77
78                <category android:name="android.intent.category.LAUNCHER" />
79            </intent-filter>
80        </activity>
81        <!--
82             Don't delete the meta-data below.
83             This is used by the Flutter tool to generate GeneratedPluginRegistrant.java
84        -->
85        <meta-data
86            android:name="flutterEmbedding"
87            android:value="2" />
88
89        <provider
89-->[:image_picker_android] AndroidManifest.xml:9:9-17:20
90            android:name="io.flutter.plugins.imagepicker.ImagePickerFileProvider"
90-->[:image_picker_android] AndroidManifest.xml:10:13-82
91            android:authorities="com.example.dev1.flutter.image_provider"
91-->[:image_picker_android] AndroidManifest.xml:11:13-74
92            android:exported="false"
92-->[:image_picker_android] AndroidManifest.xml:12:13-37
93            android:grantUriPermissions="true" >
93-->[:image_picker_android] AndroidManifest.xml:13:13-47
94            <meta-data
94-->[:image_picker_android] AndroidManifest.xml:14:13-16:75
95                android:name="android.support.FILE_PROVIDER_PATHS"
95-->[:image_picker_android] AndroidManifest.xml:15:17-67
96                android:resource="@xml/flutter_image_picker_file_paths" />
96-->[:image_picker_android] AndroidManifest.xml:16:17-72
97        </provider> <!-- Trigger Google Play services to install the backported photo picker module. -->
98        <service
98-->[:image_picker_android] AndroidManifest.xml:19:9-31:19
99            android:name="com.google.android.gms.metadata.ModuleDependencies"
99-->[:image_picker_android] AndroidManifest.xml:20:13-78
100            android:enabled="false"
100-->[:image_picker_android] AndroidManifest.xml:21:13-36
101            android:exported="false" >
101-->[:image_picker_android] AndroidManifest.xml:22:13-37
102            <intent-filter>
102-->[:image_picker_android] AndroidManifest.xml:24:13-26:29
103                <action android:name="com.google.android.gms.metadata.MODULE_DEPENDENCIES" />
103-->[:image_picker_android] AndroidManifest.xml:25:17-94
103-->[:image_picker_android] AndroidManifest.xml:25:25-91
104            </intent-filter>
105
106            <meta-data
106-->[:image_picker_android] AndroidManifest.xml:28:13-30:36
107                android:name="photopicker_activity:0:required"
107-->[:image_picker_android] AndroidManifest.xml:29:17-63
108                android:value="" />
108-->[:image_picker_android] AndroidManifest.xml:30:17-33
109        </service>
110
111        <provider
111-->[:printing] AndroidManifest.xml:8:9-16:20
112            android:name="net.nfet.flutter.printing.PrintFileProvider"
112-->[:printing] AndroidManifest.xml:9:13-71
113            android:authorities="com.example.dev1.flutter.printing"
113-->[:printing] AndroidManifest.xml:10:13-68
114            android:exported="false"
114-->[:printing] AndroidManifest.xml:11:13-37
115            android:grantUriPermissions="true" >
115-->[:printing] AndroidManifest.xml:12:13-47
116            <meta-data
116-->[:image_picker_android] AndroidManifest.xml:14:13-16:75
117                android:name="android.support.FILE_PROVIDER_PATHS"
117-->[:image_picker_android] AndroidManifest.xml:15:17-67
118                android:resource="@xml/flutter_printing_file_paths" />
118-->[:image_picker_android] AndroidManifest.xml:16:17-72
119        </provider>
120
121        <service
121-->[androidx.camera:camera-camera2:1.3.4] AndroidManifest.xml:24:9-33:19
122            android:name="androidx.camera.core.impl.MetadataHolderService"
122-->[androidx.camera:camera-camera2:1.3.4] AndroidManifest.xml:25:13-75
123            android:enabled="false"
123-->[androidx.camera:camera-camera2:1.3.4] AndroidManifest.xml:26:13-36
124            android:exported="false" >
124-->[androidx.camera:camera-camera2:1.3.4] AndroidManifest.xml:27:13-37
125            <meta-data
125-->[androidx.camera:camera-camera2:1.3.4] AndroidManifest.xml:30:13-32:89
126                android:name="androidx.camera.core.impl.MetadataHolderService.DEFAULT_CONFIG_PROVIDER"
126-->[androidx.camera:camera-camera2:1.3.4] AndroidManifest.xml:31:17-103
127                android:value="androidx.camera.camera2.Camera2Config$DefaultProvider" />
127-->[androidx.camera:camera-camera2:1.3.4] AndroidManifest.xml:32:17-86
128        </service>
129        <service
129-->[com.google.android.gms:play-services-mlkit-text-recognition-common:19.1.0] AndroidManifest.xml:9:9-15:19
130            android:name="com.google.mlkit.common.internal.MlKitComponentDiscoveryService"
130-->[com.google.android.gms:play-services-mlkit-text-recognition-common:19.1.0] AndroidManifest.xml:10:13-91
131            android:directBootAware="true"
131-->[com.google.mlkit:common:18.11.0] AndroidManifest.xml:17:13-43
132            android:exported="false" >
132-->[com.google.android.gms:play-services-mlkit-text-recognition-common:19.1.0] AndroidManifest.xml:11:13-37
133            <meta-data
133-->[com.google.android.gms:play-services-mlkit-text-recognition-common:19.1.0] AndroidManifest.xml:12:13-14:85
134                android:name="com.google.firebase.components:com.google.mlkit.vision.text.internal.TextRegistrar"
134-->[com.google.android.gms:play-services-mlkit-text-recognition-common:19.1.0] AndroidManifest.xml:13:17-114
135                android:value="com.google.firebase.components.ComponentRegistrar" />
135-->[com.google.android.gms:play-services-mlkit-text-recognition-common:19.1.0] AndroidManifest.xml:14:17-82
136            <meta-data
136-->[com.google.mlkit:vision-common:17.3.0] AndroidManifest.xml:12:13-14:85
137                android:name="com.google.firebase.components:com.google.mlkit.vision.common.internal.VisionCommonRegistrar"
137-->[com.google.mlkit:vision-common:17.3.0] AndroidManifest.xml:13:17-124
138                android:value="com.google.firebase.components.ComponentRegistrar" />
138-->[com.google.mlkit:vision-common:17.3.0] AndroidManifest.xml:14:17-82
139            <meta-data
139-->[com.google.mlkit:common:18.11.0] AndroidManifest.xml:20:13-22:85
140                android:name="com.google.firebase.components:com.google.mlkit.common.internal.CommonComponentRegistrar"
140-->[com.google.mlkit:common:18.11.0] AndroidManifest.xml:21:17-120
141                android:value="com.google.firebase.components.ComponentRegistrar" />
141-->[com.google.mlkit:common:18.11.0] AndroidManifest.xml:22:17-82
142        </service>
143
144        <provider
144-->[com.google.mlkit:common:18.11.0] AndroidManifest.xml:9:9-13:38
145            android:name="com.google.mlkit.common.internal.MlKitInitProvider"
145-->[com.google.mlkit:common:18.11.0] AndroidManifest.xml:10:13-78
146            android:authorities="com.example.dev1.mlkitinitprovider"
146-->[com.google.mlkit:common:18.11.0] AndroidManifest.xml:11:13-69
147            android:exported="false"
147-->[com.google.mlkit:common:18.11.0] AndroidManifest.xml:12:13-37
148            android:initOrder="99" />
148-->[com.google.mlkit:common:18.11.0] AndroidManifest.xml:13:13-35
149
150        <activity
150-->[com.google.android.gms:play-services-base:18.5.0] AndroidManifest.xml:5:9-173
151            android:name="com.google.android.gms.common.api.GoogleApiActivity"
151-->[com.google.android.gms:play-services-base:18.5.0] AndroidManifest.xml:5:19-85
152            android:exported="false"
152-->[com.google.android.gms:play-services-base:18.5.0] AndroidManifest.xml:5:146-170
153            android:theme="@android:style/Theme.Translucent.NoTitleBar" />
153-->[com.google.android.gms:play-services-base:18.5.0] AndroidManifest.xml:5:86-145
154
155        <meta-data
155-->[com.google.android.gms:play-services-basement:18.4.0] AndroidManifest.xml:6:9-122
156            android:name="com.google.android.gms.version"
156-->[com.google.android.gms:play-services-basement:18.4.0] AndroidManifest.xml:6:20-65
157            android:value="@integer/google_play_services_version" />
157-->[com.google.android.gms:play-services-basement:18.4.0] AndroidManifest.xml:6:66-119
158
159        <uses-library
159-->[androidx.window:window:1.2.0] AndroidManifest.xml:23:9-25:40
160            android:name="androidx.window.extensions"
160-->[androidx.window:window:1.2.0] AndroidManifest.xml:24:13-54
161            android:required="false" />
161-->[androidx.window:window:1.2.0] AndroidManifest.xml:25:13-37
162        <uses-library
162-->[androidx.window:window:1.2.0] AndroidManifest.xml:26:9-28:40
163            android:name="androidx.window.sidecar"
163-->[androidx.window:window:1.2.0] AndroidManifest.xml:27:13-51
164            android:required="false" />
164-->[androidx.window:window:1.2.0] AndroidManifest.xml:28:13-37
165
166        <provider
166-->[androidx.emoji2:emoji2:1.2.0] AndroidManifest.xml:24:9-32:20
167            android:name="androidx.startup.InitializationProvider"
167-->[androidx.emoji2:emoji2:1.2.0] AndroidManifest.xml:25:13-67
168            android:authorities="com.example.dev1.androidx-startup"
168-->[androidx.emoji2:emoji2:1.2.0] AndroidManifest.xml:26:13-68
169            android:exported="false" >
169-->[androidx.emoji2:emoji2:1.2.0] AndroidManifest.xml:27:13-37
170            <meta-data
170-->[androidx.emoji2:emoji2:1.2.0] AndroidManifest.xml:29:13-31:52
171                android:name="androidx.emoji2.text.EmojiCompatInitializer"
171-->[androidx.emoji2:emoji2:1.2.0] AndroidManifest.xml:30:17-75
172                android:value="androidx.startup" />
172-->[androidx.emoji2:emoji2:1.2.0] AndroidManifest.xml:31:17-49
173            <meta-data
173-->[androidx.lifecycle:lifecycle-process:2.7.0] AndroidManifest.xml:29:13-31:52
174                android:name="androidx.lifecycle.ProcessLifecycleInitializer"
174-->[androidx.lifecycle:lifecycle-process:2.7.0] AndroidManifest.xml:30:17-78
175                android:value="androidx.startup" />
175-->[androidx.lifecycle:lifecycle-process:2.7.0] AndroidManifest.xml:31:17-49
176            <meta-data
176-->[androidx.profileinstaller:profileinstaller:1.3.1] AndroidManifest.xml:29:13-31:52
177                android:name="androidx.profileinstaller.ProfileInstallerInitializer"
177-->[androidx.profileinstaller:profileinstaller:1.3.1] AndroidManifest.xml:30:17-85
178                android:value="androidx.startup" />
178-->[androidx.profileinstaller:profileinstaller:1.3.1] AndroidManifest.xml:31:17-49
179        </provider>
180
181        <receiver
181-->[androidx.profileinstaller:profileinstaller:1.3.1] AndroidManifest.xml:34:9-52:20
182            android:name="androidx.profileinstaller.ProfileInstallReceiver"
182-->[androidx.profileinstaller:profileinstaller:1.3.1] AndroidManifest.xml:35:13-76
183            android:directBootAware="false"
183-->[androidx.profileinstaller:profileinstaller:1.3.1] AndroidManifest.xml:36:13-44
184            android:enabled="true"
184-->[androidx.profileinstaller:profileinstaller:1.3.1] AndroidManifest.xml:37:13-35
185            android:exported="true"
185-->[androidx.profileinstaller:profileinstaller:1.3.1] AndroidManifest.xml:38:13-36
186            android:permission="android.permission.DUMP" >
186-->[androidx.profileinstaller:profileinstaller:1.3.1] AndroidManifest.xml:39:13-57
187            <intent-filter>
187-->[androidx.profileinstaller:profileinstaller:1.3.1] AndroidManifest.xml:40:13-42:29
188                <action android:name="androidx.profileinstaller.action.INSTALL_PROFILE" />
188-->[androidx.profileinstaller:profileinstaller:1.3.1] AndroidManifest.xml:41:17-91
188-->[androidx.profileinstaller:profileinstaller:1.3.1] AndroidManifest.xml:41:25-88
189            </intent-filter>
190            <intent-filter>
190-->[androidx.profileinstaller:profileinstaller:1.3.1] AndroidManifest.xml:43:13-45:29
191                <action android:name="androidx.profileinstaller.action.SKIP_FILE" />
191-->[androidx.profileinstaller:profileinstaller:1.3.1] AndroidManifest.xml:44:17-85
191-->[androidx.profileinstaller:profileinstaller:1.3.1] AndroidManifest.xml:44:25-82
192            </intent-filter>
193            <intent-filter>
193-->[androidx.profileinstaller:profileinstaller:1.3.1] AndroidManifest.xml:46:13-48:29
194                <action android:name="androidx.profileinstaller.action.SAVE_PROFILE" />
194-->[androidx.profileinstaller:profileinstaller:1.3.1] AndroidManifest.xml:47:17-88
194-->[androidx.profileinstaller:profileinstaller:1.3.1] AndroidManifest.xml:47:25-85
195            </intent-filter>
196            <intent-filter>
196-->[androidx.profileinstaller:profileinstaller:1.3.1] AndroidManifest.xml:49:13-51:29
197                <action android:name="androidx.profileinstaller.action.BENCHMARK_OPERATION" />
197-->[androidx.profileinstaller:profileinstaller:1.3.1] AndroidManifest.xml:50:17-95
197-->[androidx.profileinstaller:profileinstaller:1.3.1] AndroidManifest.xml:50:25-92
198            </intent-filter>
199        </receiver>
200
201        <service
201-->[com.google.android.datatransport:transport-backend-cct:2.3.3] AndroidManifest.xml:29:9-35:19
202            android:name="com.google.android.datatransport.runtime.backends.TransportBackendDiscovery"
202-->[com.google.android.datatransport:transport-backend-cct:2.3.3] AndroidManifest.xml:30:13-103
203            android:exported="false" >
203-->[com.google.android.datatransport:transport-backend-cct:2.3.3] AndroidManifest.xml:31:13-37
204            <meta-data
204-->[com.google.android.datatransport:transport-backend-cct:2.3.3] AndroidManifest.xml:32:13-34:39
205                android:name="backend:com.google.android.datatransport.cct.CctBackendFactory"
205-->[com.google.android.datatransport:transport-backend-cct:2.3.3] AndroidManifest.xml:33:17-94
206                android:value="cct" />
206-->[com.google.android.datatransport:transport-backend-cct:2.3.3] AndroidManifest.xml:34:17-36
207        </service>
208        <service
208-->[com.google.android.datatransport:transport-runtime:2.2.6] AndroidManifest.xml:26:9-30:19
209            android:name="com.google.android.datatransport.runtime.scheduling.jobscheduling.JobInfoSchedulerService"
209-->[com.google.android.datatransport:transport-runtime:2.2.6] AndroidManifest.xml:27:13-117
210            android:exported="false"
210-->[com.google.android.datatransport:transport-runtime:2.2.6] AndroidManifest.xml:28:13-37
211            android:permission="android.permission.BIND_JOB_SERVICE" >
211-->[com.google.android.datatransport:transport-runtime:2.2.6] AndroidManifest.xml:29:13-69
212        </service>
213
214        <receiver
214-->[com.google.android.datatransport:transport-runtime:2.2.6] AndroidManifest.xml:32:9-34:40
215            android:name="com.google.android.datatransport.runtime.scheduling.jobscheduling.AlarmManagerSchedulerBroadcastReceiver"
215-->[com.google.android.datatransport:transport-runtime:2.2.6] AndroidManifest.xml:33:13-132
216            android:exported="false" />
216-->[com.google.android.datatransport:transport-runtime:2.2.6] AndroidManifest.xml:34:13-37
217    </application>
218
219</manifest>